2024-11-21 13:12:35,119 [DEBUG] DroneApp has started! Directory ./
2024-11-21 13:12:35,621 [ERROR] 'simulator_ip'
Traceback (most recent call last):
  File "/home/gourav/raspi-app/app.py", line 74, in <module>
    drone = Drone(config)
  File "/home/gourav/raspi-app/drone.py", line 11, in __init__
    simulator_ip = configurations['drone']['simulator_ip']
  File "/usr/lib/python3.9/configparser.py", line 1254, in __getitem__
    raise KeyError(key)
KeyError: 'simulator_ip'
2024-11-21 13:12:37,625 [ERROR] 'simulator_ip'
Traceback (most recent call last):
  File "/home/gourav/raspi-app/app.py", line 74, in <module>
    drone = Drone(config)
  File "/home/gourav/raspi-app/drone.py", line 11, in __init__
    simulator_ip = configurations['drone']['simulator_ip']
  File "/usr/lib/python3.9/configparser.py", line 1254, in __getitem__
    raise KeyError(key)
KeyError: 'simulator_ip'
2024-11-21 13:12:39,628 [ERROR] 'simulator_ip'
Traceback (most recent call last):
  File "/home/gourav/raspi-app/app.py", line 74, in <module>
    drone = Drone(config)
  File "/home/gourav/raspi-app/drone.py", line 11, in __init__
    simulator_ip = configurations['drone']['simulator_ip']
  File "/usr/lib/python3.9/configparser.py", line 1254, in __getitem__
    raise KeyError(key)
KeyError: 'simulator_ip'
2024-11-21 13:12:41,632 [ERROR] 'simulator_ip'
Traceback (most recent call last):
  File "/home/gourav/raspi-app/app.py", line 74, in <module>
    drone = Drone(config)
  File "/home/gourav/raspi-app/drone.py", line 11, in __init__
    simulator_ip = configurations['drone']['simulator_ip']
  File "/usr/lib/python3.9/configparser.py", line 1254, in __getitem__
    raise KeyError(key)
KeyError: 'simulator_ip'
2024-11-21 13:12:43,636 [ERROR] 'simulator_ip'
Traceback (most recent call last):
  File "/home/gourav/raspi-app/app.py", line 74, in <module>
    drone = Drone(config)
  File "/home/gourav/raspi-app/drone.py", line 11, in __init__
    simulator_ip = configurations['drone']['simulator_ip']
  File "/usr/lib/python3.9/configparser.py", line 1254, in __getitem__
    raise KeyError(key)
KeyError: 'simulator_ip'
